[ 2017-03-03T08:23:28+08:00 ] 127.0.0.1 /thinkphp_3.2.3_full/admin.php/index/hello
INFO: [ app_init ] --START--
INFO: Run Behavior\BuildLiteBehavior [ RunTime:0.000016s ]
INFO: [ app_init ] --END-- [ RunTime:0.000396s ]
ERR: 无法加载模块:Index

[ 2017-03-03T08:23:51+08:00 ] 127.0.0.1 /thinkphp_3.2.3_full/admin.php/Index/index
INFO: [ app_init ] --START--
INFO: Run Behavior\BuildLiteBehavior [ RunTime:0.000022s ]
INFO: [ app_init ] --END-- [ RunTime:0.000482s ]
ERR: 无法加载模块:Index

[ 2017-03-03T13:51:30+08:00 ] 127.0.0.1 /thinkphp_3.2.3_full/admin.php/index/hello
INFO: [ app_init ] --START--
INFO: Run Behavior\BuildLiteBehavior [ RunTime:0.000015s ]
INFO: [ app_init ] --END-- [ RunTime:0.000367s ]
ERR: 无法加载模块:Index

[ 2017-03-03T14:08:32+08:00 ] 127.0.0.1 /thinkphp_3.2.3_full/admin.php/index/hello
INFO: [ app_init ] --START--
INFO: Run Behavior\BuildLiteBehavior [ RunTime:0.000025s ]
INFO: [ app_init ] --END-- [ RunTime:0.000611s ]
ERR: 无法加载模块:Index

[ 2017-03-03T14:53:21+08:00 ] 127.0.0.1 /thinkphp_3.2.3_full/admin.php/index/hello
INFO: [ app_init ] --START--
INFO: Run Behavior\BuildLiteBehavior [ RunTime:0.000028s ]
INFO: [ app_init ] --END-- [ RunTime:0.000651s ]
ERR: 无法加载模块:Index

