[ 2017-03-05T10:46:42+08:00 ] 127.0.0.1 /thinkphp_3.2.3_full/admin.php/admin/Index/
INFO: [ app_init ] --START--
INFO: Run Behavior\BuildLiteBehavior [ RunTime:0.000017s ]
INFO: [ app_init ] --END-- [ RunTime:0.000336s ]
INFO: [ app_begin ] --START--
INFO: Run Behavior\ReadHtmlCacheBehavior [ RunTime:0.000791s ]
INFO: [ app_begin ] --END-- [ RunTime:0.000873s ]
ERR: 参数错误或者未定义:id

[ 2017-03-05T10:47:05+08:00 ] 127.0.0.1 /thinkphp_3.2.3_full/admin.php/admin/Index/
INFO: [ app_init ] --START--
INFO: Run Behavior\BuildLiteBehavior [ RunTime:0.000026s ]
INFO: [ app_init ] --END-- [ RunTime:0.000547s ]
INFO: [ app_begin ] --START--
INFO: Run Behavior\ReadHtmlCacheBehavior [ RunTime:0.000911s ]
INFO: [ app_begin ] --END-- [ RunTime:0.001065s ]
ERR: 参数错误或者未定义:id

[ 2017-03-05T10:47:43+08:00 ] 127.0.0.1 /thinkphp_3.2.3_full/admin.php/admin/index?id=2
INFO: [ app_init ] --START--
INFO: Run Behavior\BuildLiteBehavior [ RunTime:0.000015s ]
INFO: [ app_init ] --END-- [ RunTime:0.000336s ]
INFO: [ app_begin ] --START--
INFO: Run Behavior\ReadHtmlCacheBehavior [ RunTime:0.000841s ]
INFO: [ app_begin ] --END-- [ RunTime:0.000955s ]
INFO: [ view_parse ] --START--
INFO: Run Behavior\ParseTemplateBehavior [ RunTime:0.000507s ]
INFO: [ view_parse ] --END-- [ RunTime:0.000612s ]
INFO: [ view_filter ] --START--
INFO: Run Behavior\WriteHtmlCacheBehavior [ RunTime:0.000295s ]
INFO: [ view_filter ] --END-- [ RunTime:0.000373s ]
NOTIC: [2048] Declaration of Admin\Model\UserModel::create() should be compatible with that of Think\Model::create() D:\PHP\htdocs\thinkphp_3.2.3_full\Application2\Admin\Model\UserModel.class.php 第 4 行.
SQL: SHOW COLUMNS FROM `think_user` [ RunTime:0.0041s ]
SQL: SHOW COLUMNS FROM `think_user` [ RunTime:0.0039s ]
SQL: SELECT * FROM `think_user` WHERE `user_id` = 2 LIMIT 1   [ RunTime:0.0006s ]
SQL: INSERT INTO `think_user` (`user_name`) VALUES ('测试') [ RunTime:0.0003s ]
INFO: [ app_end ] --START--
INFO: Run Behavior\ShowPageTraceBehavior [ RunTime:0.000577s ]
INFO: [ app_end ] --END-- [ RunTime:0.000638s ]

[ 2017-03-05T10:47:56+08:00 ] 127.0.0.1 /thinkphp_3.2.3_full/admin.php/admin/index?id=2
INFO: [ app_init ] --START--
INFO: Run Behavior\BuildLiteBehavior [ RunTime:0.000016s ]
INFO: [ app_init ] --END-- [ RunTime:0.000450s ]
INFO: [ app_begin ] --START--
INFO: Run Behavior\ReadHtmlCacheBehavior [ RunTime:0.000510s ]
INFO: [ app_begin ] --END-- [ RunTime:0.000571s ]
INFO: [ view_parse ] --START--
INFO: Run Behavior\ParseTemplateBehavior [ RunTime:0.000223s ]
INFO: [ view_parse ] --END-- [ RunTime:0.000288s ]
INFO: [ view_filter ] --START--
INFO: Run Behavior\WriteHtmlCacheBehavior [ RunTime:0.000201s ]
INFO: [ view_filter ] --END-- [ RunTime:0.000254s ]
NOTIC: [2048] Declaration of Admin\Model\UserModel::create() should be compatible with that of Think\Model::create() D:\PHP\htdocs\thinkphp_3.2.3_full\Application2\Admin\Model\UserModel.class.php 第 4 行.
SQL: SHOW COLUMNS FROM `think_user` [ RunTime:0.0038s ]
SQL: SHOW COLUMNS FROM `think_user` [ RunTime:0.0038s ]
SQL: SELECT * FROM `think_user` WHERE `user_id` = 2 LIMIT 1   [ RunTime:0.0009s ]
ERR: 1062:Duplicate entry '0' for key 'PRIMARY'
 [ SQL语句 ] : INSERT INTO `think_user` (`user_name`) VALUES ('测试')
ERR: 1062:Duplicate entry '0' for key 'PRIMARY'
 [ SQL语句 ] : INSERT INTO `think_user` (`user_name`) VALUES ('测试')

[ 2017-03-05T10:50:14+08:00 ] 127.0.0.1 /thinkphp_3.2.3_full/admin.php/admin/index?id=2
INFO: [ app_init ] --START--
INFO: Run Behavior\BuildLiteBehavior [ RunTime:0.000015s ]
INFO: [ app_init ] --END-- [ RunTime:0.000369s ]
INFO: [ app_begin ] --START--
INFO: Run Behavior\ReadHtmlCacheBehavior [ RunTime:0.000737s ]
INFO: [ app_begin ] --END-- [ RunTime:0.000799s ]
INFO: [ view_parse ] --START--
INFO: Run Behavior\ParseTemplateBehavior [ RunTime:0.000296s ]
INFO: [ view_parse ] --END-- [ RunTime:0.000358s ]
INFO: [ view_filter ] --START--
INFO: Run Behavior\WriteHtmlCacheBehavior [ RunTime:0.000262s ]
INFO: [ view_filter ] --END-- [ RunTime:0.000324s ]
NOTIC: [2048] Declaration of Admin\Model\UserModel::create() should be compatible with that of Think\Model::create() D:\PHP\htdocs\thinkphp_3.2.3_full\Application2\Admin\Model\UserModel.class.php 第 4 行.
SQL: SHOW COLUMNS FROM `think_user` [ RunTime:0.0045s ]
SQL: SHOW COLUMNS FROM `think_user` [ RunTime:0.0038s ]
SQL: SELECT * FROM `think_user` WHERE `user_id` = 2 LIMIT 1   [ RunTime:0.0003s ]
SQL: INSERT INTO `think_user` (`user_name`) VALUES ('测试') [ RunTime:0.0004s ]
INFO: [ app_end ] --START--
INFO: Run Behavior\ShowPageTraceBehavior [ RunTime:0.000668s ]
INFO: [ app_end ] --END-- [ RunTime:0.000730s ]

[ 2017-03-05T10:50:16+08:00 ] 127.0.0.1 /thinkphp_3.2.3_full/admin.php/admin/index?id=2
INFO: [ app_init ] --START--
INFO: Run Behavior\BuildLiteBehavior [ RunTime:0.000015s ]
INFO: [ app_init ] --END-- [ RunTime:0.000332s ]
INFO: [ app_begin ] --START--
INFO: Run Behavior\ReadHtmlCacheBehavior [ RunTime:0.000458s ]
INFO: [ app_begin ] --END-- [ RunTime:0.000518s ]
INFO: [ view_parse ] --START--
INFO: Run Behavior\ParseTemplateBehavior [ RunTime:0.000190s ]
INFO: [ view_parse ] --END-- [ RunTime:0.000246s ]
INFO: [ view_filter ] --START--
INFO: Run Behavior\WriteHtmlCacheBehavior [ RunTime:0.000183s ]
INFO: [ view_filter ] --END-- [ RunTime:0.000234s ]
NOTIC: [2048] Declaration of Admin\Model\UserModel::create() should be compatible with that of Think\Model::create() D:\PHP\htdocs\thinkphp_3.2.3_full\Application2\Admin\Model\UserModel.class.php 第 4 行.
SQL: SHOW COLUMNS FROM `think_user` [ RunTime:0.0039s ]
SQL: SHOW COLUMNS FROM `think_user` [ RunTime:0.0040s ]
SQL: SELECT * FROM `think_user` WHERE `user_id` = 2 LIMIT 1   [ RunTime:0.0003s ]
SQL: INSERT INTO `think_user` (`user_name`) VALUES ('测试') [ RunTime:0.0003s ]
INFO: [ app_end ] --START--
INFO: Run Behavior\ShowPageTraceBehavior [ RunTime:0.000757s ]
INFO: [ app_end ] --END-- [ RunTime:0.000841s ]

[ 2017-03-05T10:50:18+08:00 ] 127.0.0.1 /thinkphp_3.2.3_full/admin.php/admin/index?id=2
INFO: [ app_init ] --START--
INFO: Run Behavior\BuildLiteBehavior [ RunTime:0.000015s ]
INFO: [ app_init ] --END-- [ RunTime:0.000333s ]
INFO: [ app_begin ] --START--
INFO: Run Behavior\ReadHtmlCacheBehavior [ RunTime:0.000471s ]
INFO: [ app_begin ] --END-- [ RunTime:0.000538s ]
INFO: [ view_parse ] --START--
INFO: Run Behavior\ParseTemplateBehavior [ RunTime:0.000181s ]
INFO: [ view_parse ] --END-- [ RunTime:0.000254s ]
INFO: [ view_filter ] --START--
INFO: Run Behavior\WriteHtmlCacheBehavior [ RunTime:0.000185s ]
INFO: [ view_filter ] --END-- [ RunTime:0.000240s ]
NOTIC: [2048] Declaration of Admin\Model\UserModel::create() should be compatible with that of Think\Model::create() D:\PHP\htdocs\thinkphp_3.2.3_full\Application2\Admin\Model\UserModel.class.php 第 4 行.
SQL: SHOW COLUMNS FROM `think_user` [ RunTime:0.0038s ]
SQL: SHOW COLUMNS FROM `think_user` [ RunTime:0.0038s ]
SQL: SELECT * FROM `think_user` WHERE `user_id` = 2 LIMIT 1   [ RunTime:0.0003s ]
SQL: INSERT INTO `think_user` (`user_name`) VALUES ('测试') [ RunTime:0.0002s ]
INFO: [ app_end ] --START--
INFO: Run Behavior\ShowPageTraceBehavior [ RunTime:0.000727s ]
INFO: [ app_end ] --END-- [ RunTime:0.000798s ]

[ 2017-03-05T10:59:53+08:00 ] 127.0.0.1 /thinkphp_3.2.3_full/admin.php/admin/index?id=2
INFO: [ app_init ] --START--
INFO: Run Behavior\BuildLiteBehavior [ RunTime:0.000016s ]
INFO: [ app_init ] --END-- [ RunTime:0.000375s ]
INFO: [ app_begin ] --START--
INFO: Run Behavior\ReadHtmlCacheBehavior [ RunTime:0.000571s ]
INFO: [ app_begin ] --END-- [ RunTime:0.000634s ]
INFO: [ view_parse ] --START--
INFO: Run Behavior\ParseTemplateBehavior [ RunTime:0.002113s ]
INFO: [ view_parse ] --END-- [ RunTime:0.002186s ]
INFO: [ view_filter ] --START--
INFO: Run Behavior\WriteHtmlCacheBehavior [ RunTime:0.000310s ]
INFO: [ view_filter ] --END-- [ RunTime:0.000363s ]
NOTIC: [2048] Declaration of Admin\Model\UserModel::create() should be compatible with that of Think\Model::create() D:\PHP\htdocs\thinkphp_3.2.3_full\Application2\Admin\Model\UserModel.class.php 第 4 行.
ERR: 1146:Table 'thinkphp.top_user' doesn't exist
 [ SQL语句 ] : SHOW COLUMNS FROM `top_user`
ERR: 1146:Table 'thinkphp.top_user' doesn't exist
 [ SQL语句 ] : SHOW COLUMNS FROM `top_user`

[ 2017-03-05T11:00:07+08:00 ] 127.0.0.1 /thinkphp_3.2.3_full/admin.php/admin/index?id=2
INFO: [ app_init ] --START--
INFO: Run Behavior\BuildLiteBehavior [ RunTime:0.000022s ]
INFO: [ app_init ] --END-- [ RunTime:0.000477s ]
INFO: [ app_begin ] --START--
INFO: Run Behavior\ReadHtmlCacheBehavior [ RunTime:0.000668s ]
INFO: [ app_begin ] --END-- [ RunTime:0.000758s ]
INFO: [ view_parse ] --START--
INFO: Run Behavior\ParseTemplateBehavior [ RunTime:0.000266s ]
INFO: [ view_parse ] --END-- [ RunTime:0.000357s ]
INFO: [ view_filter ] --START--
INFO: Run Behavior\WriteHtmlCacheBehavior [ RunTime:0.000270s ]
INFO: [ view_filter ] --END-- [ RunTime:0.000349s ]
NOTIC: [2048] Declaration of Admin\Model\UserModel::create() should be compatible with that of Think\Model::create() D:\PHP\htdocs\thinkphp_3.2.3_full\Application2\Admin\Model\UserModel.class.php 第 4 行.
SQL: SHOW COLUMNS FROM `think_user` [ RunTime:0.0044s ]
SQL: SHOW COLUMNS FROM `think_user` [ RunTime:0.0040s ]
SQL: SELECT * FROM `think_user` WHERE `user_id` = 2 LIMIT 1   [ RunTime:0.0004s ]
SQL: INSERT INTO `think_user` (`user_name`) VALUES ('测试') [ RunTime:0.0003s ]
INFO: [ app_end ] --START--
INFO: Run Behavior\ShowPageTraceBehavior [ RunTime:0.001079s ]
INFO: [ app_end ] --END-- [ RunTime:0.001181s ]

[ 2017-03-05T11:11:39+08:00 ] 127.0.0.1 /thinkphp_3.2.3_full/admin.php/admin/index?id=2
INFO: [ app_init ] --START--
INFO: Run Behavior\BuildLiteBehavior [ RunTime:0.000023s ]
INFO: [ app_init ] --END-- [ RunTime:0.000588s ]
INFO: [ app_begin ] --START--
INFO: Run Behavior\ReadHtmlCacheBehavior [ RunTime:0.001066s ]
INFO: [ app_begin ] --END-- [ RunTime:0.001210s ]
INFO: [ view_parse ] --START--
INFO: Run Behavior\ParseTemplateBehavior [ RunTime:0.000465s ]
INFO: [ view_parse ] --END-- [ RunTime:0.000569s ]
INFO: [ view_filter ] --START--
INFO: Run Behavior\WriteHtmlCacheBehavior [ RunTime:0.000412s ]
INFO: [ view_filter ] --END-- [ RunTime:0.000501s ]
NOTIC: [2048] Declaration of Admin\Model\UserModel::create() should be compatible with that of Think\Model::create() D:\PHP\htdocs\thinkphp_3.2.3_full\Application2\Admin\Model\UserModel.class.php 第 4 行.
SQL: SHOW COLUMNS FROM `think_user` [ RunTime:0.0054s ]
SQL: SHOW COLUMNS FROM `think_user` [ RunTime:0.0040s ]
SQL: SELECT * FROM `think_user` WHERE `user_id` = 2 LIMIT 1   [ RunTime:0.0004s ]
SQL: INSERT INTO `think_user` (`user_name`) VALUES ('测试') [ RunTime:0.0003s ]
INFO: [ app_end ] --START--
INFO: Run Behavior\ShowPageTraceBehavior [ RunTime:0.000682s ]
INFO: [ app_end ] --END-- [ RunTime:0.000750s ]

[ 2017-03-05T11:11:45+08:00 ] 127.0.0.1 /thinkphp_3.2.3_full/admin.php/admin/index?id=2
INFO: [ app_init ] --START--
INFO: Run Behavior\BuildLiteBehavior [ RunTime:0.000016s ]
INFO: [ app_init ] --END-- [ RunTime:0.000495s ]
INFO: [ app_begin ] --START--
INFO: Run Behavior\ReadHtmlCacheBehavior [ RunTime:0.000464s ]
INFO: [ app_begin ] --END-- [ RunTime:0.000525s ]
INFO: [ view_parse ] --START--
INFO: Run Behavior\ParseTemplateBehavior [ RunTime:0.000261s ]
INFO: [ view_parse ] --END-- [ RunTime:0.000319s ]
INFO: [ view_filter ] --START--
INFO: Run Behavior\WriteHtmlCacheBehavior [ RunTime:0.000186s ]
INFO: [ view_filter ] --END-- [ RunTime:0.000235s ]
NOTIC: [2048] Declaration of Admin\Model\UserModel::create() should be compatible with that of Think\Model::create() D:\PHP\htdocs\thinkphp_3.2.3_full\Application2\Admin\Model\UserModel.class.php 第 4 行.
ERR: 1146:Table 'thinkphp.think_users' doesn't exist
 [ SQL语句 ] : SHOW COLUMNS FROM `think_users`
ERR: 1146:Table 'thinkphp.think_users' doesn't exist
 [ SQL语句 ] : SHOW COLUMNS FROM `think_users`

[ 2017-03-05T11:11:51+08:00 ] 127.0.0.1 /thinkphp_3.2.3_full/admin.php/admin/index?id=2
INFO: [ app_init ] --START--
INFO: Run Behavior\BuildLiteBehavior [ RunTime:0.000016s ]
INFO: [ app_init ] --END-- [ RunTime:0.000331s ]
INFO: [ app_begin ] --START--
INFO: Run Behavior\ReadHtmlCacheBehavior [ RunTime:0.000457s ]
INFO: [ app_begin ] --END-- [ RunTime:0.000518s ]
INFO: [ view_parse ] --START--
INFO: Run Behavior\ParseTemplateBehavior [ RunTime:0.000181s ]
INFO: [ view_parse ] --END-- [ RunTime:0.000237s ]
INFO: [ view_filter ] --START--
INFO: Run Behavior\WriteHtmlCacheBehavior [ RunTime:0.000184s ]
INFO: [ view_filter ] --END-- [ RunTime:0.000233s ]
NOTIC: [2048] Declaration of Admin\Model\UserModel::create() should be compatible with that of Think\Model::create() D:\PHP\htdocs\thinkphp_3.2.3_full\Application2\Admin\Model\UserModel.class.php 第 4 行.
ERR: 1146:Table 'thinkphp.think_users' doesn't exist
 [ SQL语句 ] : SHOW COLUMNS FROM `think_users`
ERR: 1146:Table 'thinkphp.think_users' doesn't exist
 [ SQL语句 ] : SHOW COLUMNS FROM `think_users`

[ 2017-03-05T11:11:55+08:00 ] 127.0.0.1 /thinkphp_3.2.3_full/admin.php/admin/index?id=2
INFO: [ app_init ] --START--
INFO: Run Behavior\BuildLiteBehavior [ RunTime:0.000020s ]
INFO: [ app_init ] --END-- [ RunTime:0.000430s ]
INFO: [ app_begin ] --START--
INFO: Run Behavior\ReadHtmlCacheBehavior [ RunTime:0.000608s ]
INFO: [ app_begin ] --END-- [ RunTime:0.000726s ]
INFO: [ view_parse ] --START--
INFO: Run Behavior\ParseTemplateBehavior [ RunTime:0.000281s ]
INFO: [ view_parse ] --END-- [ RunTime:0.000373s ]
INFO: [ view_filter ] --START--
INFO: Run Behavior\WriteHtmlCacheBehavior [ RunTime:0.000556s ]
INFO: [ view_filter ] --END-- [ RunTime:0.000644s ]
NOTIC: [2048] Declaration of Admin\Model\UserModel::create() should be compatible with that of Think\Model::create() D:\PHP\htdocs\thinkphp_3.2.3_full\Application2\Admin\Model\UserModel.class.php 第 4 行.
SQL: SHOW COLUMNS FROM `think_user` [ RunTime:0.0057s ]
SQL: SHOW COLUMNS FROM `think_user` [ RunTime:0.0051s ]
SQL: SELECT * FROM `think_user` WHERE `user_id` = 2 LIMIT 1   [ RunTime:0.0004s ]
SQL: INSERT INTO `think_user` (`user_name`) VALUES ('测试') [ RunTime:0.0003s ]
INFO: [ app_end ] --START--
INFO: Run Behavior\ShowPageTraceBehavior [ RunTime:0.000907s ]
INFO: [ app_end ] --END-- [ RunTime:0.001041s ]

[ 2017-03-05T16:04:01+08:00 ] 127.0.0.1 /thinkphp_3.2.3_full/admin.php/admin/index?id=2
INFO: [ app_init ] --START--
INFO: Run Behavior\BuildLiteBehavior [ RunTime:0.000016s ]
INFO: [ app_init ] --END-- [ RunTime:0.000411s ]
INFO: [ app_begin ] --START--
INFO: Run Behavior\ReadHtmlCacheBehavior [ RunTime:0.000564s ]
INFO: [ app_begin ] --END-- [ RunTime:0.000626s ]
INFO: [ view_parse ] --START--
INFO: Run Behavior\ParseTemplateBehavior [ RunTime:0.000296s ]
INFO: [ view_parse ] --END-- [ RunTime:0.000354s ]
INFO: [ view_filter ] --START--
INFO: Run Behavior\WriteHtmlCacheBehavior [ RunTime:0.000263s ]
INFO: [ view_filter ] --END-- [ RunTime:0.000314s ]
NOTIC: [2048] Declaration of Admin\Model\UserModel::create() should be compatible with that of Think\Model::create() D:\PHP\htdocs\thinkphp_3.2.3_full\Application2\Admin\Model\UserModel.class.php 第 4 行.
SQL: SHOW COLUMNS FROM `think_user` [ RunTime:0.0054s ]
SQL: SHOW COLUMNS FROM `think_user` [ RunTime:0.0054s ]
SQL: SELECT * FROM `think_user` WHERE `user_id` = 2 LIMIT 1   [ RunTime:0.0003s ]
SQL: INSERT INTO `think_user` (`user_name`) VALUES ('测试') [ RunTime:0.0003s ]
INFO: [ app_end ] --START--
INFO: Run Behavior\ShowPageTraceBehavior [ RunTime:0.000696s ]
INFO: [ app_end ] --END-- [ RunTime:0.000758s ]

[ 2017-03-05T16:04:31+08:00 ] 127.0.0.1 /thinkphp_3.2.3_full/admin.php/admin/index?id=2
INFO: [ app_init ] --START--
INFO: Run Behavior\BuildLiteBehavior [ RunTime:0.000017s ]
INFO: [ app_init ] --END-- [ RunTime:0.000420s ]
INFO: [ app_begin ] --START--
INFO: Run Behavior\ReadHtmlCacheBehavior [ RunTime:0.000562s ]
INFO: [ app_begin ] --END-- [ RunTime:0.000625s ]
INFO: [ view_parse ] --START--
INFO: Run Behavior\ParseTemplateBehavior [ RunTime:0.000305s ]
INFO: [ view_parse ] --END-- [ RunTime:0.000373s ]
INFO: [ view_filter ] --START--
INFO: Run Behavior\WriteHtmlCacheBehavior [ RunTime:0.000264s ]
INFO: [ view_filter ] --END-- [ RunTime:0.000316s ]
NOTIC: [2048] Declaration of Admin\Model\UserModel::create() should be compatible with that of Think\Model::create() D:\PHP\htdocs\thinkphp_3.2.3_full\Application2\Admin\Model\UserModel.class.php 第 4 行.
SQL: SHOW COLUMNS FROM `think_user` [ RunTime:0.0038s ]
SQL: SHOW COLUMNS FROM `think_user` [ RunTime:0.0036s ]
SQL: SELECT * FROM `think_user` WHERE `user_id` = 2 LIMIT 1   [ RunTime:0.0006s ]
SQL: INSERT INTO `think_user` (`user_name`) VALUES ('测试') [ RunTime:0.0003s ]
INFO: [ app_end ] --START--
INFO: Run Behavior\ShowPageTraceBehavior [ RunTime:0.000730s ]
INFO: [ app_end ] --END-- [ RunTime:0.000798s ]

[ 2017-03-05T18:56:56+08:00 ] 127.0.0.1 /thinkphp_3.2.3_full/admin.php/admin/index?id=2
INFO: [ app_init ] --START--
INFO: Run Behavior\BuildLiteBehavior [ RunTime:0.000016s ]
INFO: [ app_init ] --END-- [ RunTime:0.000402s ]
INFO: [ app_begin ] --START--
INFO: Run Behavior\ReadHtmlCacheBehavior [ RunTime:0.000626s ]
INFO: [ app_begin ] --END-- [ RunTime:0.000697s ]
INFO: [ view_parse ] --START--
INFO: Run Behavior\ParseTemplateBehavior [ RunTime:0.000321s ]
INFO: [ view_parse ] --END-- [ RunTime:0.000409s ]
INFO: [ view_filter ] --START--
INFO: Run Behavior\WriteHtmlCacheBehavior [ RunTime:0.000312s ]
INFO: [ view_filter ] --END-- [ RunTime:0.000373s ]
NOTIC: [2048] Declaration of Admin\Model\UserModel::create() should be compatible with that of Think\Model::create() D:\PHP\htdocs\thinkphp_3.2.3_full\Application2\Admin\Model\UserModel.class.php 第 4 行.
SQL: SHOW COLUMNS FROM `think_user` [ RunTime:0.0046s ]
SQL: SHOW COLUMNS FROM `think_user` [ RunTime:0.0036s ]
SQL: SELECT * FROM `think_user` WHERE `user_id` = 2 LIMIT 1   [ RunTime:0.0003s ]
SQL: INSERT INTO `think_user` (`user_name`) VALUES ('测试') [ RunTime:0.0003s ]
NOTIC: [8] Undefined index: validate D:\PHP\htdocs\thinkphp_3.2.3_full\ThinkPHP\Library\Think\Model.class.php 第 1185 行.
NOTIC: [8] Undefined index: auto D:\PHP\htdocs\thinkphp_3.2.3_full\ThinkPHP\Library\Think\Model.class.php 第 1128 行.
INFO: [ app_end ] --START--
INFO: Run Behavior\ShowPageTraceBehavior [ RunTime:0.000817s ]
INFO: [ app_end ] --END-- [ RunTime:0.000896s ]

[ 2017-03-05T23:02:38+08:00 ] 127.0.0.1 /thinkphp_3.2.3_full/admin.php/admin/index?id=2
INFO: [ app_init ] --START--
INFO: Run Behavior\BuildLiteBehavior [ RunTime:0.000028s ]
INFO: [ app_init ] --END-- [ RunTime:0.000588s ]
INFO: [ app_begin ] --START--
INFO: Run Behavior\ReadHtmlCacheBehavior [ RunTime:0.000725s ]
INFO: [ app_begin ] --END-- [ RunTime:0.000815s ]
INFO: [ view_parse ] --START--
INFO: Run Behavior\ParseTemplateBehavior [ RunTime:0.000415s ]
INFO: [ view_parse ] --END-- [ RunTime:0.000496s ]
INFO: [ view_filter ] --START--
INFO: Run Behavior\WriteHtmlCacheBehavior [ RunTime:0.000294s ]
INFO: [ view_filter ] --END-- [ RunTime:0.000372s ]
NOTIC: [2048] Declaration of Admin\Model\UserModel::create() should be compatible with that of Think\Model::create() D:\PHP\htdocs\thinkphp_3.2.3_full\Application2\Admin\Model\UserModel.class.php 第 4 行.
SQL: SHOW COLUMNS FROM `think_user` [ RunTime:0.0061s ]
SQL: SHOW COLUMNS FROM `think_user` [ RunTime:0.0054s ]
SQL: SELECT * FROM `think_user` WHERE `user_id` = 2 LIMIT 1   [ RunTime:0.0006s ]
SQL: INSERT INTO `think_user` (`user_name`) VALUES ('测试') [ RunTime:0.0004s ]
INFO: [ app_end ] --START--
INFO: Run Behavior\ShowPageTraceBehavior [ RunTime:0.000675s ]
INFO: [ app_end ] --END-- [ RunTime:0.000735s ]

[ 2017-03-05T23:05:20+08:00 ] 127.0.0.1 /thinkphp_3.2.3_full/admin.php/admin/index?id=2
INFO: [ app_init ] --START--
INFO: Run Behavior\BuildLiteBehavior [ RunTime:0.000022s ]
INFO: [ app_init ] --END-- [ RunTime:0.000468s ]
INFO: [ app_begin ] --START--
INFO: Run Behavior\ReadHtmlCacheBehavior [ RunTime:0.000721s ]
INFO: [ app_begin ] --END-- [ RunTime:0.000800s ]
INFO: [ view_parse ] --START--
INFO: Run Behavior\ParseTemplateBehavior [ RunTime:0.000299s ]
INFO: [ view_parse ] --END-- [ RunTime:0.000357s ]
INFO: [ view_filter ] --START--
INFO: Run Behavior\WriteHtmlCacheBehavior [ RunTime:0.000260s ]
INFO: [ view_filter ] --END-- [ RunTime:0.000311s ]
NOTIC: [2048] Declaration of Admin\Model\UserModel::create() should be compatible with that of Think\Model::create() D:\PHP\htdocs\thinkphp_3.2.3_full\Application2\Admin\Model\UserModel.class.php 第 4 行.
SQL: SHOW COLUMNS FROM `think_user` [ RunTime:0.0050s ]
SQL: SHOW COLUMNS FROM `think_user` [ RunTime:0.0045s ]
SQL: SELECT * FROM `think_user` WHERE `user_id` = 2 LIMIT 1   [ RunTime:0.0005s ]
SQL: INSERT INTO `think_user` (`user_name`) VALUES ('测试') [ RunTime:0.0003s ]
INFO: [ app_end ] --START--
INFO: Run Behavior\ShowPageTraceBehavior [ RunTime:0.000693s ]
INFO: [ app_end ] --END-- [ RunTime:0.000753s ]

[ 2017-03-05T23:08:46+08:00 ] 127.0.0.1 /thinkphp_3.2.3_full/admin.php/admin/index/index
INFO: [ app_init ] --START--
INFO: Run Behavior\BuildLiteBehavior [ RunTime:0.000015s ]
INFO: [ app_init ] --END-- [ RunTime:0.000368s ]
INFO: [ app_begin ] --START--
INFO: Run Behavior\ReadHtmlCacheBehavior [ RunTime:0.000549s ]
INFO: [ app_begin ] --END-- [ RunTime:0.000609s ]
ERR: 参数错误或者未定义:id

[ 2017-03-05T23:08:54+08:00 ] 127.0.0.1 /thinkphp_3.2.3_full/admin.php/admin/index/index?id=2
INFO: [ app_init ] --START--
INFO: Run Behavior\BuildLiteBehavior [ RunTime:0.000023s ]
INFO: [ app_init ] --END-- [ RunTime:0.000506s ]
INFO: [ app_begin ] --START--
INFO: Run Behavior\ReadHtmlCacheBehavior [ RunTime:0.000484s ]
INFO: [ app_begin ] --END-- [ RunTime:0.000547s ]
INFO: [ view_parse ] --START--
INFO: Run Behavior\ParseTemplateBehavior [ RunTime:0.000507s ]
INFO: [ view_parse ] --END-- [ RunTime:0.000600s ]
INFO: [ view_filter ] --START--
INFO: Run Behavior\WriteHtmlCacheBehavior [ RunTime:0.000363s ]
INFO: [ view_filter ] --END-- [ RunTime:0.000415s ]
NOTIC: [2048] Declaration of Admin\Model\UserModel::create() should be compatible with that of Think\Model::create() D:\PHP\htdocs\thinkphp_3.2.3_full\Application2\Admin\Model\UserModel.class.php 第 4 行.
SQL: SHOW COLUMNS FROM `think_user` [ RunTime:0.0045s ]
SQL: SHOW COLUMNS FROM `think_user` [ RunTime:0.0040s ]
SQL: SELECT * FROM `think_user` WHERE `user_id` = 2 LIMIT 1   [ RunTime:0.0003s ]
SQL: INSERT INTO `think_user` (`user_name`) VALUES ('测试') [ RunTime:0.0003s ]
ERR: SQLSTATE[42000]: Syntax error or access violation: 1064 You have an error in your SQL syntax; check the manual that corresponds to your MySQL server version for the right syntax to use near 'tablethink_content ADDsexint not null' at line 1

[ 2017-03-05T23:10:09+08:00 ] 127.0.0.1 /thinkphp_3.2.3_full/admin.php/admin/index/index?id=2
INFO: [ app_init ] --START--
INFO: Run Behavior\BuildLiteBehavior [ RunTime:0.000017s ]
INFO: [ app_init ] --END-- [ RunTime:0.000462s ]
INFO: [ app_begin ] --START--
INFO: Run Behavior\ReadHtmlCacheBehavior [ RunTime:0.000590s ]
INFO: [ app_begin ] --END-- [ RunTime:0.000660s ]
INFO: [ view_parse ] --START--
INFO: Run Behavior\ParseTemplateBehavior [ RunTime:0.000304s ]
INFO: [ view_parse ] --END-- [ RunTime:0.000366s ]
INFO: [ view_filter ] --START--
INFO: Run Behavior\WriteHtmlCacheBehavior [ RunTime:0.000350s ]
INFO: [ view_filter ] --END-- [ RunTime:0.000418s ]
NOTIC: [2048] Declaration of Admin\Model\UserModel::create() should be compatible with that of Think\Model::create() D:\PHP\htdocs\thinkphp_3.2.3_full\Application2\Admin\Model\UserModel.class.php 第 4 行.
SQL: SHOW COLUMNS FROM `think_user` [ RunTime:0.0041s ]
SQL: SHOW COLUMNS FROM `think_user` [ RunTime:0.0043s ]
SQL: SELECT * FROM `think_user` WHERE `user_id` = 2 LIMIT 1   [ RunTime:0.0004s ]
SQL: INSERT INTO `think_user` (`user_name`) VALUES ('测试') [ RunTime:0.0003s ]
ERR: SQLSTATE[42000]: Syntax error or access violation: 1064 You have an error in your SQL syntax; check the manual that corresponds to your MySQL server version for the right syntax to use near 'tablethink_user ADDsexint not null' at line 1

[ 2017-03-05T23:11:34+08:00 ] 127.0.0.1 /thinkphp_3.2.3_full/admin.php/admin/index/index?id=2
INFO: [ app_init ] --START--
INFO: Run Behavior\BuildLiteBehavior [ RunTime:0.000021s ]
INFO: [ app_init ] --END-- [ RunTime:0.000600s ]
INFO: [ app_begin ] --START--
INFO: Run Behavior\ReadHtmlCacheBehavior [ RunTime:0.000719s ]
INFO: [ app_begin ] --END-- [ RunTime:0.000800s ]
INFO: [ view_parse ] --START--
INFO: Run Behavior\ParseTemplateBehavior [ RunTime:0.000254s ]
INFO: [ view_parse ] --END-- [ RunTime:0.000340s ]
INFO: [ view_filter ] --START--
INFO: Run Behavior\WriteHtmlCacheBehavior [ RunTime:0.000267s ]
INFO: [ view_filter ] --END-- [ RunTime:0.000365s ]
NOTIC: [2048] Declaration of Admin\Model\UserModel::create() should be compatible with that of Think\Model::create() D:\PHP\htdocs\thinkphp_3.2.3_full\Application2\Admin\Model\UserModel.class.php 第 4 行.
SQL: SHOW COLUMNS FROM `think_user` [ RunTime:0.0047s ]
SQL: SHOW COLUMNS FROM `think_user` [ RunTime:0.0042s ]
SQL: SELECT * FROM `think_user` WHERE `user_id` = 2 LIMIT 1   [ RunTime:0.0005s ]
SQL: INSERT INTO `think_user` (`user_name`) VALUES ('测试') [ RunTime:0.0004s ]
ERR: SQLSTATE[42000]: Syntax error or access violation: 1064 You have an error in your SQL syntax; check the manual that corresponds to your MySQL server version for the right syntax to use near 'tablethink_user ADDsexint(20) not null' at line 1

[ 2017-03-05T23:12:14+08:00 ] 127.0.0.1 /thinkphp_3.2.3_full/admin.php/admin/index/index?id=2
INFO: [ app_init ] --START--
INFO: Run Behavior\BuildLiteBehavior [ RunTime:0.000021s ]
INFO: [ app_init ] --END-- [ RunTime:0.000506s ]
INFO: [ app_begin ] --START--
INFO: Run Behavior\ReadHtmlCacheBehavior [ RunTime:0.000915s ]
INFO: [ app_begin ] --END-- [ RunTime:0.001026s ]
INFO: [ view_parse ] --START--
INFO: Run Behavior\ParseTemplateBehavior [ RunTime:0.000425s ]
INFO: [ view_parse ] --END-- [ RunTime:0.000519s ]
INFO: [ view_filter ] --START--
INFO: Run Behavior\WriteHtmlCacheBehavior [ RunTime:0.000386s ]
INFO: [ view_filter ] --END-- [ RunTime:0.000471s ]
NOTIC: [2048] Declaration of Admin\Model\UserModel::create() should be compatible with that of Think\Model::create() D:\PHP\htdocs\thinkphp_3.2.3_full\Application2\Admin\Model\UserModel.class.php 第 4 行.
SQL: SHOW COLUMNS FROM `think_user` [ RunTime:0.0061s ]
SQL: SHOW COLUMNS FROM `think_user` [ RunTime:0.0064s ]
SQL: SELECT * FROM `think_user` WHERE `user_id` = 2 LIMIT 1   [ RunTime:0.0003s ]
SQL: INSERT INTO `think_user` (`user_name`) VALUES ('测试') [ RunTime:0.0002s ]
SQL: alter table think_user ADD sex int(20) not null [ RunTime:0.0284s ]
INFO: [ app_end ] --START--
INFO: Run Behavior\ShowPageTraceBehavior [ RunTime:0.000823s ]
INFO: [ app_end ] --END-- [ RunTime:0.000885s ]

[ 2017-03-05T23:13:03+08:00 ] 127.0.0.1 /thinkphp_3.2.3_full/admin.php/admin/index/index?id=2
INFO: [ app_init ] --START--
INFO: Run Behavior\BuildLiteBehavior [ RunTime:0.000022s ]
INFO: [ app_init ] --END-- [ RunTime:0.000521s ]
INFO: [ app_begin ] --START--
INFO: Run Behavior\ReadHtmlCacheBehavior [ RunTime:0.000822s ]
INFO: [ app_begin ] --END-- [ RunTime:0.000959s ]
INFO: [ view_parse ] --START--
INFO: Run Behavior\ParseTemplateBehavior [ RunTime:0.000308s ]
INFO: [ view_parse ] --END-- [ RunTime:0.000375s ]
INFO: [ view_filter ] --START--
INFO: Run Behavior\WriteHtmlCacheBehavior [ RunTime:0.000277s ]
INFO: [ view_filter ] --END-- [ RunTime:0.000337s ]
NOTIC: [2048] Declaration of Admin\Model\UserModel::create() should be compatible with that of Think\Model::create() D:\PHP\htdocs\thinkphp_3.2.3_full\Application2\Admin\Model\UserModel.class.php 第 4 行.
SQL: SHOW COLUMNS FROM `think_user` [ RunTime:0.0049s ]
SQL: SHOW COLUMNS FROM `think_user` [ RunTime:0.0036s ]
SQL: SELECT * FROM `think_user` WHERE `user_id` = 2 LIMIT 1   [ RunTime:0.0003s ]
ERR: 1364:Field 'sex' doesn't have a default value
 [ SQL语句 ] : INSERT INTO `think_user` (`user_name`) VALUES ('测试')
ERR: 1364:Field 'sex' doesn't have a default value
 [ SQL语句 ] : INSERT INTO `think_user` (`user_name`) VALUES ('测试')

