[ 2017-03-06T13:31:45+08:00 ] 127.0.0.1 /thinkphp_3.2.3_full/admin.php/admin/index/hello
INFO: [ app_init ] --START--
INFO: Run Behavior\BuildLiteBehavior [ RunTime:0.000016s ]
INFO: [ app_init ] --END-- [ RunTime:0.000409s ]
INFO: [ app_begin ] --START--
INFO: Run Behavior\ReadHtmlCacheBehavior [ RunTime:0.000585s ]
INFO: [ app_begin ] --END-- [ RunTime:0.000652s ]
INFO: [ view_parse ] --START--
INFO: [ template_filter ] --START--
INFO: Run Behavior\ContentReplaceBehavior [ RunTime:0.000053s ]
INFO: [ template_filter ] --END-- [ RunTime:0.000119s ]
INFO: Run Behavior\ParseTemplateBehavior [ RunTime:0.053447s ]
INFO: [ view_parse ] --END-- [ RunTime:0.053542s ]
INFO: [ view_filter ] --START--
INFO: Run Behavior\WriteHtmlCacheBehavior [ RunTime:0.000303s ]
INFO: [ view_filter ] --END-- [ RunTime:0.000355s ]
INFO: [ app_end ] --START--
INFO: Run Behavior\ShowPageTraceBehavior [ RunTime:0.000652s ]
INFO: [ app_end ] --END-- [ RunTime:0.000708s ]

[ 2017-03-06T13:31:48+08:00 ] 127.0.0.1 /thinkphp_3.2.3_full/admin.php/admin/index/index
INFO: [ app_init ] --START--
INFO: Run Behavior\BuildLiteBehavior [ RunTime:0.000015s ]
INFO: [ app_init ] --END-- [ RunTime:0.000323s ]
INFO: [ app_begin ] --START--
INFO: Run Behavior\ReadHtmlCacheBehavior [ RunTime:0.000658s ]
INFO: [ app_begin ] --END-- [ RunTime:0.000736s ]
ERR: 参数错误或者未定义:id

[ 2017-03-06T13:31:59+08:00 ] 127.0.0.1 /thinkphp_3.2.3_full/admin.php/admin/index/index?id=2
INFO: [ app_init ] --START--
INFO: Run Behavior\BuildLiteBehavior [ RunTime:0.000015s ]
INFO: [ app_init ] --END-- [ RunTime:0.000342s ]
INFO: [ app_begin ] --START--
INFO: Run Behavior\ReadHtmlCacheBehavior [ RunTime:0.000527s ]
INFO: [ app_begin ] --END-- [ RunTime:0.000589s ]
INFO: [ view_parse ] --START--
INFO: Run Behavior\ParseTemplateBehavior [ RunTime:0.000263s ]
INFO: [ view_parse ] --END-- [ RunTime:0.000322s ]
INFO: [ view_filter ] --START--
INFO: Run Behavior\WriteHtmlCacheBehavior [ RunTime:0.000200s ]
INFO: [ view_filter ] --END-- [ RunTime:0.000251s ]
NOTIC: [2048] Declaration of Admin\Model\UserModel::create() should be compatible with that of Think\Model::create() D:\PHP\htdocs\thinkphp_3.2.3_full\Application2\Admin\Model\UserModel.class.php 第 4 行.
SQL: SHOW COLUMNS FROM `think_user` [ RunTime:0.0325s ]
SQL: SHOW COLUMNS FROM `think_user` [ RunTime:0.0039s ]
SQL: SELECT * FROM `think_user` WHERE `user_id` = 2 LIMIT 1   [ RunTime:0.0004s ]
ERR: 1364:Field 'sex' doesn't have a default value
 [ SQL语句 ] : INSERT INTO `think_user` (`user_name`) VALUES ('测试')
ERR: 1364:Field 'sex' doesn't have a default value
 [ SQL语句 ] : INSERT INTO `think_user` (`user_name`) VALUES ('测试')

[ 2017-03-06T13:38:02+08:00 ] 127.0.0.1 /thinkphp_3.2.3_full/admin.php/admin/index/index?id=2
INFO: [ app_init ] --START--
INFO: Run Behavior\BuildLiteBehavior [ RunTime:0.000016s ]
INFO: [ app_init ] --END-- [ RunTime:0.000375s ]
INFO: [ app_begin ] --START--
INFO: Run Behavior\ReadHtmlCacheBehavior [ RunTime:0.000573s ]
INFO: [ app_begin ] --END-- [ RunTime:0.000634s ]
INFO: [ view_parse ] --START--
INFO: Run Behavior\ParseTemplateBehavior [ RunTime:0.000323s ]
INFO: [ view_parse ] --END-- [ RunTime:0.000387s ]
INFO: [ view_filter ] --START--
INFO: Run Behavior\WriteHtmlCacheBehavior [ RunTime:0.000294s ]
INFO: [ view_filter ] --END-- [ RunTime:0.000346s ]
NOTIC: [2048] Declaration of Admin\Model\UserModel::create() should be compatible with that of Think\Model::create() D:\PHP\htdocs\thinkphp_3.2.3_full\Application2\Admin\Model\UserModel.class.php 第 4 行.
SQL: SHOW COLUMNS FROM `think_user` [ RunTime:0.0042s ]
SQL: SHOW COLUMNS FROM `think_user` [ RunTime:0.0036s ]
SQL: SELECT * FROM `think_user` WHERE `user_id` = 2 LIMIT 1   [ RunTime:0.0003s ]
ERR: 1364:Field 'sex' doesn't have a default value
 [ SQL语句 ] : INSERT INTO `think_user` (`user_name`) VALUES ('测试')
ERR: 1364:Field 'sex' doesn't have a default value
 [ SQL语句 ] : INSERT INTO `think_user` (`user_name`) VALUES ('测试')

[ 2017-03-06T13:45:35+08:00 ] 127.0.0.1 /thinkphp_3.2.3_full/admin.php/admin/index/index?id=2
INFO: [ app_init ] --START--
INFO: Run Behavior\BuildLiteBehavior [ RunTime:0.000015s ]
INFO: [ app_init ] --END-- [ RunTime:0.000376s ]
INFO: [ app_begin ] --START--
INFO: Run Behavior\ReadHtmlCacheBehavior [ RunTime:0.000581s ]
INFO: [ app_begin ] --END-- [ RunTime:0.000647s ]
INFO: [ view_parse ] --START--
INFO: Run Behavior\ParseTemplateBehavior [ RunTime:0.000336s ]
INFO: [ view_parse ] --END-- [ RunTime:0.000402s ]
INFO: [ view_filter ] --START--
INFO: Run Behavior\WriteHtmlCacheBehavior [ RunTime:0.000276s ]
INFO: [ view_filter ] --END-- [ RunTime:0.000328s ]
NOTIC: [2048] Declaration of Admin\Model\UserModel::create() should be compatible with that of Think\Model::create() D:\PHP\htdocs\thinkphp_3.2.3_full\Application2\Admin\Model\UserModel.class.php 第 4 行.
SQL: SHOW COLUMNS FROM `think_user` [ RunTime:0.0038s ]
SQL: SHOW COLUMNS FROM `think_user` [ RunTime:0.0040s ]
SQL: SELECT * FROM `think_user` WHERE `user_id` = 2 LIMIT 1   [ RunTime:0.0003s ]
SQL: INSERT INTO `think_user` (`user_name`) VALUES ('测试') [ RunTime:0.0003s ]
INFO: [ app_end ] --START--
INFO: Run Behavior\ShowPageTraceBehavior [ RunTime:0.000715s ]
INFO: [ app_end ] --END-- [ RunTime:0.000776s ]

[ 2017-03-06T13:45:37+08:00 ] 127.0.0.1 /thinkphp_3.2.3_full/admin.php/admin/index/index?id=2
INFO: [ app_init ] --START--
INFO: Run Behavior\BuildLiteBehavior [ RunTime:0.000022s ]
INFO: [ app_init ] --END-- [ RunTime:0.000453s ]
INFO: [ app_begin ] --START--
INFO: Run Behavior\ReadHtmlCacheBehavior [ RunTime:0.000466s ]
INFO: [ app_begin ] --END-- [ RunTime:0.000529s ]
INFO: [ view_parse ] --START--
INFO: Run Behavior\ParseTemplateBehavior [ RunTime:0.000191s ]
INFO: [ view_parse ] --END-- [ RunTime:0.000246s ]
INFO: [ view_filter ] --START--
INFO: Run Behavior\WriteHtmlCacheBehavior [ RunTime:0.000212s ]
INFO: [ view_filter ] --END-- [ RunTime:0.000277s ]
NOTIC: [2048] Declaration of Admin\Model\UserModel::create() should be compatible with that of Think\Model::create() D:\PHP\htdocs\thinkphp_3.2.3_full\Application2\Admin\Model\UserModel.class.php 第 4 行.
SQL: SHOW COLUMNS FROM `think_user` [ RunTime:0.0050s ]
SQL: SHOW COLUMNS FROM `think_user` [ RunTime:0.0048s ]
SQL: SELECT * FROM `think_user` WHERE `user_id` = 2 LIMIT 1   [ RunTime:0.0004s ]
SQL: INSERT INTO `think_user` (`user_name`) VALUES ('测试') [ RunTime:0.0003s ]
INFO: [ app_end ] --START--
INFO: Run Behavior\ShowPageTraceBehavior [ RunTime:0.000580s ]
INFO: [ app_end ] --END-- [ RunTime:0.000642s ]

[ 2017-03-06T14:02:14+08:00 ] 127.0.0.1 /thinkphp_3.2.3_full/admin.php/admin/index/index?id=2
INFO: [ app_init ] --START--
INFO: Run Behavior\BuildLiteBehavior [ RunTime:0.000017s ]
INFO: [ app_init ] --END-- [ RunTime:0.000471s ]
INFO: [ app_begin ] --START--
INFO: Run Behavior\ReadHtmlCacheBehavior [ RunTime:0.000707s ]
INFO: [ app_begin ] --END-- [ RunTime:0.000797s ]
INFO: [ view_parse ] --START--
INFO: Run Behavior\ParseTemplateBehavior [ RunTime:0.000316s ]
INFO: [ view_parse ] --END-- [ RunTime:0.000378s ]
INFO: [ view_filter ] --START--
INFO: Run Behavior\WriteHtmlCacheBehavior [ RunTime:0.000273s ]
INFO: [ view_filter ] --END-- [ RunTime:0.000329s ]
NOTIC: [2048] Declaration of Admin\Model\UserModel::create() should be compatible with that of Think\Model::create() D:\PHP\htdocs\thinkphp_3.2.3_full\Application2\Admin\Model\UserModel.class.php 第 4 行.
SQL: SHOW COLUMNS FROM `think_user` [ RunTime:0.0052s ]
SQL: SHOW COLUMNS FROM `think_user` [ RunTime:0.0043s ]
SQL: SELECT * FROM `think_user` WHERE `user_id` = 2 LIMIT 1   [ RunTime:0.0004s ]
SQL: INSERT INTO `think_user` (`user_name`) VALUES ('测试') [ RunTime:0.0004s ]
INFO: [ app_end ] --START--
INFO: Run Behavior\ShowPageTraceBehavior [ RunTime:0.000695s ]
INFO: [ app_end ] --END-- [ RunTime:0.000758s ]

[ 2017-03-06T14:02:16+08:00 ] 127.0.0.1 /thinkphp_3.2.3_full/admin.php/admin/index/index?id=2
INFO: [ app_init ] --START--
INFO: Run Behavior\BuildLiteBehavior [ RunTime:0.000016s ]
INFO: [ app_init ] --END-- [ RunTime:0.000350s ]
INFO: [ app_begin ] --START--
INFO: Run Behavior\ReadHtmlCacheBehavior [ RunTime:0.000458s ]
INFO: [ app_begin ] --END-- [ RunTime:0.000518s ]
INFO: [ view_parse ] --START--
INFO: Run Behavior\ParseTemplateBehavior [ RunTime:0.000299s ]
INFO: [ view_parse ] --END-- [ RunTime:0.000391s ]
INFO: [ view_filter ] --START--
INFO: Run Behavior\WriteHtmlCacheBehavior [ RunTime:0.000244s ]
INFO: [ view_filter ] --END-- [ RunTime:0.000311s ]
NOTIC: [2048] Declaration of Admin\Model\UserModel::create() should be compatible with that of Think\Model::create() D:\PHP\htdocs\thinkphp_3.2.3_full\Application2\Admin\Model\UserModel.class.php 第 4 行.
SQL: SHOW COLUMNS FROM `think_user` [ RunTime:0.0051s ]
SQL: SHOW COLUMNS FROM `think_user` [ RunTime:0.0054s ]
SQL: SELECT * FROM `think_user` WHERE `user_id` = 2 LIMIT 1   [ RunTime:0.0004s ]
SQL: INSERT INTO `think_user` (`user_name`) VALUES ('测试') [ RunTime:0.0003s ]
INFO: [ app_end ] --START--
INFO: Run Behavior\ShowPageTraceBehavior [ RunTime:0.000769s ]
INFO: [ app_end ] --END-- [ RunTime:0.000842s ]

[ 2017-03-06T14:02:17+08:00 ] 127.0.0.1 /thinkphp_3.2.3_full/admin.php/admin/index/index?id=2
INFO: [ app_init ] --START--
INFO: Run Behavior\BuildLiteBehavior [ RunTime:0.000024s ]
INFO: [ app_init ] --END-- [ RunTime:0.000568s ]
INFO: [ app_begin ] --START--
INFO: Run Behavior\ReadHtmlCacheBehavior [ RunTime:0.001131s ]
INFO: [ app_begin ] --END-- [ RunTime:0.001277s ]
INFO: [ view_parse ] --START--
INFO: Run Behavior\ParseTemplateBehavior [ RunTime:0.000560s ]
INFO: [ view_parse ] --END-- [ RunTime:0.000662s ]
INFO: [ view_filter ] --START--
INFO: Run Behavior\WriteHtmlCacheBehavior [ RunTime:0.000509s ]
INFO: [ view_filter ] --END-- [ RunTime:0.000601s ]
NOTIC: [2048] Declaration of Admin\Model\UserModel::create() should be compatible with that of Think\Model::create() D:\PHP\htdocs\thinkphp_3.2.3_full\Application2\Admin\Model\UserModel.class.php 第 4 行.
SQL: SHOW COLUMNS FROM `think_user` [ RunTime:0.0079s ]
SQL: SHOW COLUMNS FROM `think_user` [ RunTime:0.0058s ]
SQL: SELECT * FROM `think_user` WHERE `user_id` = 2 LIMIT 1   [ RunTime:0.0003s ]
SQL: INSERT INTO `think_user` (`user_name`) VALUES ('测试') [ RunTime:0.0003s ]
INFO: [ app_end ] --START--
INFO: Run Behavior\ShowPageTraceBehavior [ RunTime:0.000743s ]
INFO: [ app_end ] --END-- [ RunTime:0.000814s ]

[ 2017-03-06T14:02:18+08:00 ] 127.0.0.1 /thinkphp_3.2.3_full/admin.php/admin/index/index?id=2
INFO: [ app_init ] --START--
INFO: Run Behavior\BuildLiteBehavior [ RunTime:0.000017s ]
INFO: [ app_init ] --END-- [ RunTime:0.000445s ]
INFO: [ app_begin ] --START--
INFO: Run Behavior\ReadHtmlCacheBehavior [ RunTime:0.000595s ]
INFO: [ app_begin ] --END-- [ RunTime:0.000665s ]
INFO: [ view_parse ] --START--
INFO: Run Behavior\ParseTemplateBehavior [ RunTime:0.001110s ]
INFO: [ view_parse ] --END-- [ RunTime:0.001358s ]
INFO: [ view_filter ] --START--
INFO: Run Behavior\WriteHtmlCacheBehavior [ RunTime:0.001105s ]
INFO: [ view_filter ] --END-- [ RunTime:0.001291s ]
NOTIC: [2048] Declaration of Admin\Model\UserModel::create() should be compatible with that of Think\Model::create() D:\PHP\htdocs\thinkphp_3.2.3_full\Application2\Admin\Model\UserModel.class.php 第 4 行.
SQL: SHOW COLUMNS FROM `think_user` [ RunTime:0.0063s ]
SQL: SHOW COLUMNS FROM `think_user` [ RunTime:0.0054s ]
SQL: SELECT * FROM `think_user` WHERE `user_id` = 2 LIMIT 1   [ RunTime:0.0004s ]
SQL: INSERT INTO `think_user` (`user_name`) VALUES ('测试') [ RunTime:0.0002s ]
INFO: [ app_end ] --START--
INFO: Run Behavior\ShowPageTraceBehavior [ RunTime:0.000973s ]
INFO: [ app_end ] --END-- [ RunTime:0.001067s ]

[ 2017-03-06T14:14:54+08:00 ] 127.0.0.1 /thinkphp_3.2.3_full/admin.php/admin/index/index?id=2
INFO: [ app_init ] --START--
INFO: Run Behavior\BuildLiteBehavior [ RunTime:0.000014s ]
INFO: [ app_init ] --END-- [ RunTime:0.000377s ]
INFO: [ app_begin ] --START--
INFO: Run Behavior\ReadHtmlCacheBehavior [ RunTime:0.000568s ]
INFO: [ app_begin ] --END-- [ RunTime:0.000629s ]
INFO: [ view_parse ] --START--
INFO: Run Behavior\ParseTemplateBehavior [ RunTime:0.000306s ]
INFO: [ view_parse ] --END-- [ RunTime:0.000362s ]
INFO: [ view_filter ] --START--
INFO: Run Behavior\WriteHtmlCacheBehavior [ RunTime:0.000274s ]
INFO: [ view_filter ] --END-- [ RunTime:0.000325s ]
NOTIC: [2048] Declaration of Admin\Model\UserModel::create() should be compatible with that of Think\Model::create() D:\PHP\htdocs\thinkphp_3.2.3_full\Application2\Admin\Model\UserModel.class.php 第 4 行.
SQL: SHOW COLUMNS FROM `think_user` [ RunTime:0.0046s ]
SQL: SHOW COLUMNS FROM `think_user` [ RunTime:0.0035s ]
SQL: SELECT * FROM `think_user` WHERE `user_id` = 2 LIMIT 1   [ RunTime:0.0004s ]
SQL: INSERT INTO `think_user` (`user_name`) VALUES ('测试') [ RunTime:0.0005s ]
INFO: [ app_end ] --START--
INFO: Run Behavior\ShowPageTraceBehavior [ RunTime:0.000734s ]
INFO: [ app_end ] --END-- [ RunTime:0.000803s ]

[ 2017-03-06T17:44:39+08:00 ] 127.0.0.1 /thinkphp_3.2.3_full/admin.php/admin/index/index?id=2
INFO: [ app_init ] --START--
INFO: Run Behavior\BuildLiteBehavior [ RunTime:0.000018s ]
INFO: [ app_init ] --END-- [ RunTime:0.000510s ]
INFO: [ app_begin ] --START--
INFO: Run Behavior\ReadHtmlCacheBehavior [ RunTime:0.000625s ]
INFO: [ app_begin ] --END-- [ RunTime:0.000696s ]
INFO: [ view_parse ] --START--
INFO: Run Behavior\ParseTemplateBehavior [ RunTime:0.006313s ]
INFO: [ view_parse ] --END-- [ RunTime:0.006396s ]
INFO: [ view_filter ] --START--
INFO: Run Behavior\WriteHtmlCacheBehavior [ RunTime:0.000396s ]
INFO: [ view_filter ] --END-- [ RunTime:0.000449s ]
NOTIC: [2048] Declaration of Admin\Model\UserModel::create() should be compatible with that of Think\Model::create() D:\PHP\htdocs\thinkphp_3.2.3_full\Application2\Admin\Model\UserModel.class.php 第 4 行.
SQL: SHOW COLUMNS FROM `think_user` [ RunTime:0.0128s ]
SQL: SHOW COLUMNS FROM `think_user` [ RunTime:0.0052s ]
SQL: SELECT * FROM `think_user` WHERE `user_id` = 2 LIMIT 1   [ RunTime:0.0004s ]
SQL: INSERT INTO `think_user` (`user_name`) VALUES ('测试') [ RunTime:0.0003s ]
INFO: [ app_end ] --START--
INFO: Run Behavior\ShowPageTraceBehavior [ RunTime:0.000929s ]
INFO: [ app_end ] --END-- [ RunTime:0.001017s ]

[ 2017-03-06T19:05:29+08:00 ] 127.0.0.1 /thinkphp_3.2.3_full/admin.php/admin/index/index?id=2
INFO: [ app_init ] --START--
INFO: Run Behavior\BuildLiteBehavior [ RunTime:0.000017s ]
INFO: [ app_init ] --END-- [ RunTime:0.000391s ]
INFO: [ app_begin ] --START--
INFO: Run Behavior\ReadHtmlCacheBehavior [ RunTime:0.000909s ]
INFO: [ app_begin ] --END-- [ RunTime:0.001019s ]
INFO: [ view_parse ] --START--
INFO: Run Behavior\ParseTemplateBehavior [ RunTime:0.000556s ]
INFO: [ view_parse ] --END-- [ RunTime:0.000662s ]
INFO: [ view_filter ] --START--
INFO: Run Behavior\WriteHtmlCacheBehavior [ RunTime:0.000450s ]
INFO: [ view_filter ] --END-- [ RunTime:0.000537s ]
NOTIC: [2048] Declaration of Admin\Model\UserModel::create() should be compatible with that of Think\Model::create() D:\PHP\htdocs\thinkphp_3.2.3_full\Application2\Admin\Model\UserModel.class.php 第 4 行.
SQL: SHOW COLUMNS FROM `think_user` [ RunTime:0.0059s ]
SQL: SHOW COLUMNS FROM `think_user` [ RunTime:0.0039s ]
SQL: SELECT * FROM `think_user` WHERE `user_id` = 2 LIMIT 1   [ RunTime:0.0004s ]
SQL: INSERT INTO `think_user` (`user_name`) VALUES ('测试') [ RunTime:0.0004s ]
INFO: [ app_end ] --START--
INFO: Run Behavior\ShowPageTraceBehavior [ RunTime:0.000697s ]
INFO: [ app_end ] --END-- [ RunTime:0.000757s ]

