[ 2017-03-08T16:53:25+08:00 ] 127.0.0.1 /thinkphp_3.2.3_full/admin.php/admin/index/index
INFO: [ app_init ] --START--
INFO: Run Behavior\BuildLiteBehavior [ RunTime:0.000026s ]
INFO: [ app_init ] --END-- [ RunTime:0.000504s ]
INFO: [ app_begin ] --START--
INFO: Run Behavior\ReadHtmlCacheBehavior [ RunTime:0.000480s ]
INFO: [ app_begin ] --END-- [ RunTime:0.000551s ]
ERR: 参数错误或者未定义:id

[ 2017-03-08T16:53:31+08:00 ] 127.0.0.1 /thinkphp_3.2.3_full/admin.php/admin/index/index?id=2
INFO: [ app_init ] --START--
INFO: Run Behavior\BuildLiteBehavior [ RunTime:0.000015s ]
INFO: [ app_init ] --END-- [ RunTime:0.000335s ]
INFO: [ app_begin ] --START--
INFO: Run Behavior\ReadHtmlCacheBehavior [ RunTime:0.000453s ]
INFO: [ app_begin ] --END-- [ RunTime:0.000512s ]
INFO: [ view_parse ] --START--
INFO: Run Behavior\ParseTemplateBehavior [ RunTime:0.000313s ]
INFO: [ view_parse ] --END-- [ RunTime:0.000370s ]
INFO: [ view_filter ] --START--
INFO: Run Behavior\WriteHtmlCacheBehavior [ RunTime:0.000186s ]
INFO: [ view_filter ] --END-- [ RunTime:0.000236s ]
NOTIC: [2048] Declaration of Admin\Model\UserModel::create() should be compatible with that of Think\Model::create() D:\PHP\htdocs\thinkphp_3.2.3_full\Application2\Admin\Model\UserModel.class.php 第 4 行.
SQL: SHOW COLUMNS FROM `think_user` [ RunTime:0.0494s ]
SQL: SHOW COLUMNS FROM `think_user` [ RunTime:0.0061s ]
SQL: SELECT * FROM `think_user` WHERE `user_id` = 2 LIMIT 1   [ RunTime:0.0005s ]
SQL: INSERT INTO `think_user` (`user_name`) VALUES ('测试') [ RunTime:0.0004s ]
SQL: SELECT * FROM `think_user` WHERE `user_id` = 4 LIMIT 1   [ RunTime:0.0003s ]
SQL: UPDATE `think_user` SET `user_name`='陈佳佳',`user_sex`='0' WHERE `user_id` = 4 [ RunTime:0.0003s ]
INFO: [ app_end ] --START--
INFO: Run Behavior\ShowPageTraceBehavior [ RunTime:0.000808s ]
INFO: [ app_end ] --END-- [ RunTime:0.000892s ]

[ 2017-03-08T16:53:34+08:00 ] 127.0.0.1 /thinkphp_3.2.3_full/admin.php/admin/index/index?id=2
INFO: [ app_init ] --START--
INFO: Run Behavior\BuildLiteBehavior [ RunTime:0.000016s ]
INFO: [ app_init ] --END-- [ RunTime:0.000384s ]
INFO: [ app_begin ] --START--
INFO: Run Behavior\ReadHtmlCacheBehavior [ RunTime:0.000559s ]
INFO: [ app_begin ] --END-- [ RunTime:0.000620s ]
INFO: [ view_parse ] --START--
INFO: Run Behavior\ParseTemplateBehavior [ RunTime:0.000394s ]
INFO: [ view_parse ] --END-- [ RunTime:0.000467s ]
INFO: [ view_filter ] --START--
INFO: Run Behavior\WriteHtmlCacheBehavior [ RunTime:0.000310s ]
INFO: [ view_filter ] --END-- [ RunTime:0.000364s ]
NOTIC: [2048] Declaration of Admin\Model\UserModel::create() should be compatible with that of Think\Model::create() D:\PHP\htdocs\thinkphp_3.2.3_full\Application2\Admin\Model\UserModel.class.php 第 4 行.
SQL: SHOW COLUMNS FROM `think_user` [ RunTime:0.0045s ]
SQL: SHOW COLUMNS FROM `think_user` [ RunTime:0.0036s ]
SQL: SELECT * FROM `think_user` WHERE `user_id` = 2 LIMIT 1   [ RunTime:0.0003s ]
SQL: INSERT INTO `think_user` (`user_name`) VALUES ('测试') [ RunTime:0.0003s ]
SQL: SELECT * FROM `think_user` WHERE `user_id` = 4 LIMIT 1   [ RunTime:0.0006s ]
SQL: UPDATE `think_user` SET `user_name`='陈佳佳',`user_sex`='0' WHERE `user_id` = 4 [ RunTime:0.0003s ]
INFO: [ app_end ] --START--
INFO: Run Behavior\ShowPageTraceBehavior [ RunTime:0.000718s ]
INFO: [ app_end ] --END-- [ RunTime:0.000785s ]

